Arguments: 
  /Users/josephryan/.nvm/versions/node/v8.9.1/bin/node /Users/josephryan/.nvm/versions/node/v8.9.1/bin/yarn start

PATH: 
  /Users/josephryan/.nvm/versions/node/v8.9.1/bin:/Users/josephryan/.npm-packages/bin:/usr/local/bin:/usr/bin:/bin:/usr/sbin:/sbin:/users/josephryan/Documents/workspace/clearcapital/assets/drivers/chromedriverMAC

Yarn version: 
  1.5.1

Node version: 
  8.9.1

Platform: 
  darwin x64

npm manifest: 
  {
    "name": "draftapp3",
    "version": "0.0.0",
    "private": true,
    "scripts": {
      "start": "node ./bin/www"
    },
    "dependencies": {
      "body-parser": "~1.18.2",
      "cookie-parser": "~1.4.3",
      "debug": "~2.6.9",
      "ejs": "~2.5.7",
      "express": "~4.15.5",
      "morgan": "~1.9.0",
      "serve-favicon": "~2.4.5"
    }
  }

yarn manifest: 
  No manifest

Lockfile: 
  No lockfile

Trace: 
  Error: Command failed.
  Exit code: 1
  Command: sh
  Arguments: -c node ./bin/www
  Directory: /Users/josephryan/dev/draftapp3
  Output:
  
      at ProcessTermError.MessageError (/Users/josephryan/.nvm/versions/node/v8.9.1/lib/node_modules/yarn/lib/cli.js:186:110)
      at new ProcessTermError (/Users/josephryan/.nvm/versions/node/v8.9.1/lib/node_modules/yarn/lib/cli.js:226:113)
      at ChildProcess.<anonymous> (/Users/josephryan/.nvm/versions/node/v8.9.1/lib/node_modules/yarn/lib/cli.js:30281:17)
      at emitTwo (events.js:126:13)
      at ChildProcess.emit (events.js:214:7)
      at maybeClose (internal/child_process.js:925:16)
      at Process.ChildProcess._handle.onexit (internal/child_process.js:209:5)
